[2025-07-04T22:01:35.564+0100] [INFO ] address [0.0.0.0] port [3389] mode 1
[2025-07-04T22:01:35.571+0100] [INFO ] listening to port 3389 on 0.0.0.0
[2025-07-04T22:01:35.578+0100] [INFO ] xrdp_listen_pp done
[2025-07-04T22:01:35.585+0100] [CORE ] You are running xrdp as root. This is not safe.
[2025-07-04T22:01:35.592+0100] [INFO ] starting xrdp with pid 48965
[2025-07-04T22:01:40.578+0100] [INFO ] Socket 14: connection accepted from [::ffff:192.168.99.60]:46910
[2025-07-04T22:01:40.658+0100] [INFO ] Using default X.509 certificate: /etc/xrdp/cert.pem
[2025-07-04T22:01:40.731+0100] [INFO ] Using default X.509 key file: /etc/xrdp/key.pem
[2025-07-04T22:01:40.845+0100] [INFO ] Client requested security types (RDP assumed) : SSL|HYBRID
[2025-07-04T22:01:40.922+0100] [INFO ] Selected TLS security
[2025-07-04T22:01:54.772+0100] [INFO ] Connected client computer name: arch-laptop
[2025-07-04T22:01:54.780+0100] [INFO ] xrdp_load_keyboard_layout: Keyboard information sent by the RDP client, keyboard_type:[0x04], keyboard_subtype:[0x00], keylayout:[0x00000409]
[2025-07-04T22:01:54.788+0100] [INFO ] xrdp_load_keyboard_layout: model [] variant [] layout [us] options []
[2025-07-04T22:01:54.795+0100] [INFO ] client supports gfx protocol
[2025-07-04T22:01:54.802+0100] [WARN ] Received [MS-RDPBCGR] TS_UD_HEADER type 0xc006 is unknown (ignored)
[2025-07-04T22:01:54.809+0100] [WARN ] Received [MS-RDPBCGR] TS_UD_HEADER type 0xc00a is unknown (ignored)
[2025-07-04T22:01:54.852+0100] [INFO ] TLS connection established from [::ffff:192.168.99.60]:46910 TLSv1.3 with cipher TLS_AES_256_GCM_SHA384
[2025-07-04T22:01:54.892+0100] [INFO ] Client supports single-screen resizes by xrdp
[2025-07-04T22:01:54.899+0100] [INFO ] xrdp_caps_process_pointer: client supports new(color) cursor
[2025-07-04T22:01:54.905+0100] [INFO ] xrdp_process_offscreen_bmpcache: support level 1 cache size 7864320 bytes cache entries 2000
[2025-07-04T22:01:54.912+0100] [INFO ] xrdp_caps_process_codecs: RemoteFX(76772F12-BD72-4463-AFB3-B73C9C6F7886), codec id [3], properties len [49]
[2025-07-04T22:01:54.919+0100] [WARN ] Client Capability: not enough orders supported by client, client wants off screen bitmap but offscreen bitmaps disabled
[2025-07-04T22:01:54.925+0100] [INFO ] Client Capability: LARGE_POINTER_FLAG_96x96 supported
[2025-07-04T22:01:54.934+0100] [INFO ] Loading keymap file /etc/xrdp/km-00000409.ini
[2025-07-04T22:01:54.940+0100] [WARN ] local keymap file for 0x00000409 found and doesn't match built in keymap, using local keymap file
[2025-07-04T22:01:54.948+0100] [INFO ] TConfig: Loading GFX config file /etc/xrdp/gfx.toml
[2025-07-04T22:01:54.954+0100] [WARN ] Ignoring unlikely physical session size 1000 for height of 480 pixels
[2025-07-04T22:01:54.960+0100] [WARN ] No DPI value is available to find login font
[2025-07-04T22:01:54.967+0100] [WARN ] Using the default_dpi of 96
[2025-07-04T22:01:54.975+0100] [INFO ] xrdp_egfx_create: error 0 channel_id 1
[2025-07-04T22:01:54.993+0100] [INFO ] xrdp_mm_egfx_caps_advertise:
[2025-07-04T22:01:54.999+0100] [INFO ]   version 0x00080004 flags 0x00000002 (index: 0)
[2025-07-04T22:01:55.612+0100] [INFO ]   version 0x00080105 flags 0x00000012 (index: 1)
[2025-07-04T22:01:55.130+0100] [INFO ]   version 0x000a0002 flags 0x00000002 (index: 2)
[2025-07-04T22:01:55.192+0100] [INFO ]   version 0x000a0200 flags 0x00000002 (index: 3)
[2025-07-04T22:01:55.255+0100] [INFO ]   version 0x000a0301 flags 0x00000000 (index: 4)
[2025-07-04T22:01:55.320+0100] [INFO ]   version 0x000a0400 flags 0x00000002 (index: 5)
[2025-07-04T22:01:55.389+0100] [INFO ]   version 0x000a0502 flags 0x00000002 (index: 6)
[2025-07-04T22:01:55.451+0100] [INFO ]   version 0x000a0600 flags 0x00000002 (index: 7)
[2025-07-04T22:01:55.514+0100] [INFO ]   version 0x000a0601 flags 0x00000002 (index: 8)
[2025-07-04T22:01:55.580+0100] [INFO ] unknown version 0x000a0601
[2025-07-04T22:01:55.648+0100] [INFO ]   version 0x000a0701 flags 0x00000002 (index: 9)
[2025-07-04T22:01:55.709+0100] [INFO ] Codec search order is H264, RFX
[2025-07-04T22:01:55.771+0100] [INFO ] Matched H264 mode
[2025-07-04T22:01:55.838+0100] [INFO ]   replying version 0x000a0701 flags 0x00000002
[2025-07-04T22:01:55.907+0100] [INFO ] xrdp_mm_egfx_caps_advertise: xrdp_egfx_send_capsconfirm error 0 best_index 9
[2025-07-04T22:01:55.970+0100] [INFO ] xrdp_egfx_reset_graphics:
[2025-07-04T22:01:55.103+0100] [INFO ] xrdp_egfx_reset_graphics: width 644 height 480 monitorcount 1
[2025-07-04T22:01:55.110+0100] [INFO ] xrdp_mm_egfx_caps_advertise: xrdp_egfx_send_reset_graphics error 0 monitorCount 0
[2025-07-04T22:01:55.117+0100] [INFO ] xrdp_mm_egfx_create_surfaces: map surface_id 0 left 0 top 0 width 644 height 480
[2025-07-04T22:01:55.124+0100] [INFO ] xrdp_encoder_create: starting h264 codec session gfx
[2025-07-04T22:01:55.130+0100] [INFO ] xrdp_encoder_create: using x264 for software encoder
[2025-07-04T22:01:55.137+0100] [INFO ] xrdp_mm_egfx_invalidate_wm_screen:
[2025-07-04T22:01:55.144+0100] [INFO ] xrdp_mm_egfx_caps_advertise: egfx created.
[2025-07-04T22:01:55.150+0100] [WARN ] Ignoring obsolete SCP port value '3350'
[2025-07-04T22:01:55.156+0100] [INFO ] xrdp_wm_log_msg: sesman connect ok
[2025-07-04T22:01:55.163+0100] [INFO ] xrdp_wm_log_msg: Performing login request for bastion-admin
[2025-07-04T22:01:55.243+0100] [INFO ] xrdp_wm_log_msg: login was successful - creating session
[2025-07-04T22:01:56.315+0100] [INFO ] xrdp_wm_log_msg: session is available on display 10 for user bastion-admin
[2025-07-04T22:01:56.321+0100] [INFO ] xrdp_wm_log_msg: Connecting to session
[2025-07-04T22:01:56.328+0100] [INFO ] loaded module 'libxup.so' ok, interface size 10440, version 4
[2025-07-04T22:01:56.341+0100] [INFO ] lib_mod_connect: connecting via UNIX socket
[2025-07-04T22:01:56.354+0100] [INFO ] lib_mod_log_peer: xrdp_pid=48966 connected to Xorg_pid=48976 Xorg_uid=1000 Xorg_gid=1000 client=[::ffff:192.168.99.60]:46910
[2025-07-04T22:01:56.367+0100] [ERROR] xrdp_wm_log_msg: Error connecting to user session
[2025-07-04T22:02:01.372+0100] [INFO ] TConfig: Loading GFX config file /etc/xrdp/gfx.toml
[2025-07-04T22:02:01.381+0100] [WARN ] Ignoring unlikely physical session size 1000 for height of 480 pixels
[2025-07-04T22:02:01.388+0100] [WARN ] No DPI value is available to find login font
[2025-07-04T22:02:01.395+0100] [WARN ] Using the default_dpi of 96
[2025-07-04T22:11:36.368+0100] [INFO ] Socket 14: connection accepted from [::ffff:192.168.99.60]:58726
[2025-07-04T22:11:36.409+0100] [INFO ] Using default X.509 certificate: /etc/xrdp/cert.pem
[2025-07-04T22:11:36.449+0100] [INFO ] Using default X.509 key file: /etc/xrdp/key.pem
[2025-07-04T22:11:36.478+0100] [INFO ] Client requested security types (RDP assumed) : SSL|HYBRID
[2025-07-04T22:11:36.514+0100] [INFO ] Selected TLS security
[2025-07-04T22:11:44.913+0100] [INFO ] Connected client computer name: arch-laptop
[2025-07-04T22:11:44.934+0100] [INFO ] xrdp_load_keyboard_layout: Keyboard information sent by the RDP client, keyboard_type:[0x04], keyboard_subtype:[0x00], keylayout:[0x00000409]
[2025-07-04T22:11:44.967+0100] [INFO ] xrdp_load_keyboard_layout: model [] variant [] layout [us] options []
[2025-07-04T22:11:44.992+0100] [INFO ] client supports gfx protocol
[2025-07-04T22:11:45.242+0100] [WARN ] Received [MS-RDPBCGR] TS_UD_HEADER type 0xc006 is unknown (ignored)
[2025-07-04T22:11:45.562+0100] [WARN ] Received [MS-RDPBCGR] TS_UD_HEADER type 0xc00a is unknown (ignored)
[2025-07-04T22:11:45.175+0100] [INFO ] TLS connection established from [::ffff:192.168.99.60]:58726 TLSv1.3 with cipher TLS_AES_256_GCM_SHA384
[2025-07-04T22:11:45.233+0100] [INFO ] Client supports single-screen resizes by xrdp
[2025-07-04T22:11:45.271+0100] [INFO ] xrdp_caps_process_pointer: client supports new(color) cursor
[2025-07-04T22:11:45.294+0100] [INFO ] xrdp_process_offscreen_bmpcache: support level 1 cache size 7864320 bytes cache entries 2000
[2025-07-04T22:11:45.326+0100] [INFO ] xrdp_caps_process_codecs: RemoteFX(76772F12-BD72-4463-AFB3-B73C9C6F7886), codec id [3], properties len [49]
[2025-07-04T22:11:45.365+0100] [WARN ] Client Capability: not enough orders supported by client, client wants off screen bitmap but offscreen bitmaps disabled
[2025-07-04T22:11:45.404+0100] [INFO ] Client Capability: LARGE_POINTER_FLAG_96x96 supported
[2025-07-04T22:11:45.438+0100] [INFO ] Loading keymap file /etc/xrdp/km-00000409.ini
[2025-07-04T22:11:45.476+0100] [WARN ] local keymap file for 0x00000409 found and doesn't match built in keymap, using local keymap file
[2025-07-04T22:11:45.488+0100] [INFO ] TConfig: Loading GFX config file /etc/xrdp/gfx.toml
[2025-07-04T22:11:45.515+0100] [WARN ] Ignoring unlikely physical session size 1000 for height of 480 pixels
[2025-07-04T22:11:45.539+0100] [WARN ] No DPI value is available to find login font
[2025-07-04T22:11:45.573+0100] [WARN ] Using the default_dpi of 96
[2025-07-04T22:11:45.608+0100] [INFO ] xrdp_egfx_create: error 0 channel_id 1
[2025-07-04T22:11:45.674+0100] [INFO ] xrdp_mm_egfx_caps_advertise:
[2025-07-04T22:11:45.711+0100] [INFO ]   version 0x00080004 flags 0x00000002 (index: 0)
[2025-07-04T22:11:45.738+0100] [INFO ]   version 0x00080105 flags 0x00000012 (index: 1)
[2025-07-04T22:11:45.759+0100] [INFO ]   version 0x000a0002 flags 0x00000002 (index: 2)
[2025-07-04T22:11:45.794+0100] [INFO ]   version 0x000a0200 flags 0x00000002 (index: 3)
[2025-07-04T22:11:45.835+0100] [INFO ]   version 0x000a0301 flags 0x00000000 (index: 4)
[2025-07-04T22:11:45.864+0100] [INFO ]   version 0x000a0400 flags 0x00000002 (index: 5)
[2025-07-04T22:11:45.896+0100] [INFO ]   version 0x000a0502 flags 0x00000002 (index: 6)
[2025-07-04T22:11:45.934+0100] [INFO ]   version 0x000a0600 flags 0x00000002 (index: 7)
[2025-07-04T22:11:45.961+0100] [INFO ]   version 0x000a0601 flags 0x00000002 (index: 8)
[2025-07-04T22:11:45.987+0100] [INFO ] unknown version 0x000a0601
[2025-07-04T22:11:46.762+0100] [INFO ]   version 0x000a0701 flags 0x00000002 (index: 9)
[2025-07-04T22:11:46.430+0100] [INFO ] Codec search order is H264, RFX
[2025-07-04T22:11:46.809+0100] [INFO ] Matched H264 mode
[2025-07-04T22:11:46.110+0100] [INFO ]   replying version 0x000a0701 flags 0x00000002
[2025-07-04T22:11:46.150+0100] [INFO ] xrdp_mm_egfx_caps_advertise: xrdp_egfx_send_capsconfirm error 0 best_index 9
[2025-07-04T22:11:46.181+0100] [INFO ] xrdp_egfx_reset_graphics:
[2025-07-04T22:11:46.211+0100] [INFO ] xrdp_egfx_reset_graphics: width 644 height 480 monitorcount 1
[2025-07-04T22:11:46.242+0100] [INFO ] xrdp_mm_egfx_caps_advertise: xrdp_egfx_send_reset_graphics error 0 monitorCount 0
[2025-07-04T22:11:46.264+0100] [INFO ] xrdp_mm_egfx_create_surfaces: map surface_id 0 left 0 top 0 width 644 height 480
[2025-07-04T22:11:46.306+0100] [INFO ] xrdp_encoder_create: starting h264 codec session gfx
[2025-07-04T22:11:46.349+0100] [INFO ] xrdp_encoder_create: using x264 for software encoder
[2025-07-04T22:11:46.381+0100] [INFO ] xrdp_mm_egfx_invalidate_wm_screen:
[2025-07-04T22:11:46.413+0100] [INFO ] xrdp_mm_egfx_caps_advertise: egfx created.
[2025-07-04T22:11:46.442+0100] [WARN ] Ignoring obsolete SCP port value '3350'
[2025-07-04T22:11:46.461+0100] [INFO ] xrdp_wm_log_msg: sesman connect ok
[2025-07-04T22:11:46.486+0100] [INFO ] xrdp_wm_log_msg: Performing login request for bastion-admin
[2025-07-04T22:11:46.671+0100] [INFO ] xrdp_wm_log_msg: login was successful - creating session
[2025-07-04T22:11:47.939+0100] [INFO ] xrdp_wm_log_msg: session is available on display 10 for user bastion-admin
[2025-07-04T22:11:47.985+0100] [INFO ] xrdp_wm_log_msg: Connecting to session
[2025-07-04T22:11:48.155+0100] [INFO ] loaded module 'libxup.so' ok, interface size 10440, version 4
[2025-07-04T22:11:48.583+0100] [INFO ] lib_mod_connect: connecting via UNIX socket
[2025-07-04T22:11:48.118+0100] [INFO ] lib_mod_log_peer: xrdp_pid=49179 connected to Xorg_pid=49185 Xorg_uid=1000 Xorg_gid=1000 client=[::ffff:192.168.99.60]:58726
[2025-07-04T22:11:48.202+0100] [INFO ] xrdp_wm_log_msg: Connecting to chansrv
[2025-07-04T22:11:48.271+0100] [ERROR] Xorg server closed connection
[2025-07-04T22:13:18.134+0100] [INFO ] Socket 14: connection accepted from [::ffff:192.168.99.60]:56960
[2025-07-04T22:13:18.142+0100] [INFO ] Using default X.509 certificate: /etc/xrdp/cert.pem
[2025-07-04T22:13:18.148+0100] [INFO ] Using default X.509 key file: /etc/xrdp/key.pem
[2025-07-04T22:13:18.156+0100] [INFO ] Client requested security types (RDP assumed) : SSL|HYBRID
[2025-07-04T22:13:18.162+0100] [INFO ] Selected TLS security
[2025-07-04T22:13:20.820+0100] [INFO ] Connected client computer name: arch-laptop
[2025-07-04T22:13:20.829+0100] [INFO ] xrdp_load_keyboard_layout: Keyboard information sent by the RDP client, keyboard_type:[0x04], keyboard_subtype:[0x00], keylayout:[0x00000409]
[2025-07-04T22:13:20.836+0100] [INFO ] xrdp_load_keyboard_layout: model [] variant [] layout [us] options []
[2025-07-04T22:13:20.843+0100] [INFO ] client supports gfx protocol
[2025-07-04T22:13:20.851+0100] [WARN ] Received [MS-RDPBCGR] TS_UD_HEADER type 0xc006 is unknown (ignored)
[2025-07-04T22:13:20.858+0100] [WARN ] Received [MS-RDPBCGR] TS_UD_HEADER type 0xc00a is unknown (ignored)
[2025-07-04T22:13:20.900+0100] [INFO ] TLS connection established from [::ffff:192.168.99.60]:56960 TLSv1.3 with cipher TLS_AES_256_GCM_SHA384
[2025-07-04T22:13:20.980+0100] [INFO ] Client supports single-screen resizes by xrdp
[2025-07-04T22:13:20.988+0100] [INFO ] xrdp_caps_process_pointer: client supports new(color) cursor
[2025-07-04T22:13:20.994+0100] [INFO ] xrdp_process_offscreen_bmpcache: support level 1 cache size 7864320 bytes cache entries 2000
[2025-07-04T22:13:21.152+0100] [INFO ] xrdp_caps_process_codecs: RemoteFX(76772F12-BD72-4463-AFB3-B73C9C6F7886), codec id [3], properties len [49]
[2025-07-04T22:13:21.833+0100] [WARN ] Client Capability: not enough orders supported by client, client wants off screen bitmap but offscreen bitmaps disabled
[2025-07-04T22:13:21.155+0100] [INFO ] Client Capability: LARGE_POINTER_FLAG_96x96 supported
[2025-07-04T22:13:21.252+0100] [INFO ] Loading keymap file /etc/xrdp/km-00000409.ini
[2025-07-04T22:13:21.330+0100] [WARN ] local keymap file for 0x00000409 found and doesn't match built in keymap, using local keymap file
[2025-07-04T22:13:21.399+0100] [INFO ] TConfig: Loading GFX config file /etc/xrdp/gfx.toml
[2025-07-04T22:13:21.473+0100] [WARN ] Ignoring unlikely physical session size 1000 for height of 480 pixels
[2025-07-04T22:13:21.552+0100] [WARN ] No DPI value is available to find login font
[2025-07-04T22:13:21.616+0100] [WARN ] Using the default_dpi of 96
[2025-07-04T22:13:21.729+0100] [INFO ] xrdp_egfx_create: error 0 channel_id 1
[2025-07-04T22:13:21.924+0100] [INFO ] xrdp_mm_egfx_caps_advertise:
[2025-07-04T22:13:21.988+0100] [INFO ]   version 0x00080004 flags 0x00000002 (index: 0)
[2025-07-04T22:13:21.105+0100] [INFO ]   version 0x00080105 flags 0x00000012 (index: 1)
[2025-07-04T22:13:21.111+0100] [INFO ]   version 0x000a0002 flags 0x00000002 (index: 2)
[2025-07-04T22:13:21.119+0100] [INFO ]   version 0x000a0200 flags 0x00000002 (index: 3)
[2025-07-04T22:13:21.125+0100] [INFO ]   version 0x000a0301 flags 0x00000000 (index: 4)
[2025-07-04T22:13:21.131+0100] [INFO ]   version 0x000a0400 flags 0x00000002 (index: 5)
[2025-07-04T22:13:21.138+0100] [INFO ]   version 0x000a0502 flags 0x00000002 (index: 6)
[2025-07-04T22:13:21.145+0100] [INFO ]   version 0x000a0600 flags 0x00000002 (index: 7)
[2025-07-04T22:13:21.151+0100] [INFO ]   version 0x000a0601 flags 0x00000002 (index: 8)
[2025-07-04T22:13:21.158+0100] [INFO ] unknown version 0x000a0601
[2025-07-04T22:13:21.164+0100] [INFO ]   version 0x000a0701 flags 0x00000002 (index: 9)
[2025-07-04T22:13:21.171+0100] [INFO ] Codec search order is H264, RFX
[2025-07-04T22:13:21.177+0100] [INFO ] Matched H264 mode
[2025-07-04T22:13:21.184+0100] [INFO ]   replying version 0x000a0701 flags 0x00000002
[2025-07-04T22:13:21.190+0100] [INFO ] xrdp_mm_egfx_caps_advertise: xrdp_egfx_send_capsconfirm error 0 best_index 9
[2025-07-04T22:13:21.197+0100] [INFO ] xrdp_egfx_reset_graphics:
[2025-07-04T22:13:21.203+0100] [INFO ] xrdp_egfx_reset_graphics: width 644 height 480 monitorcount 1
[2025-07-04T22:13:21.210+0100] [INFO ] xrdp_mm_egfx_caps_advertise: xrdp_egfx_send_reset_graphics error 0 monitorCount 0
[2025-07-04T22:13:21.216+0100] [INFO ] xrdp_mm_egfx_create_surfaces: map surface_id 0 left 0 top 0 width 644 height 480
[2025-07-04T22:13:21.223+0100] [INFO ] xrdp_encoder_create: starting h264 codec session gfx
[2025-07-04T22:13:21.229+0100] [INFO ] xrdp_encoder_create: using x264 for software encoder
[2025-07-04T22:13:21.236+0100] [INFO ] xrdp_mm_egfx_invalidate_wm_screen:
[2025-07-04T22:13:21.242+0100] [INFO ] xrdp_mm_egfx_caps_advertise: egfx created.
[2025-07-04T22:13:34.159+0100] [WARN ] Ignoring obsolete SCP port value '3350'
[2025-07-04T22:13:34.166+0100] [INFO ] xrdp_wm_log_msg: sesman connect ok
[2025-07-04T22:13:34.173+0100] [INFO ] xrdp_wm_log_msg: Performing login request for bastion-admin
[2025-07-04T22:13:34.255+0100] [INFO ] xrdp_wm_log_msg: login was successful - creating session
[2025-07-04T22:13:35.318+0100] [INFO ] xrdp_wm_log_msg: session is available on display 10 for user bastion-admin
[2025-07-04T22:13:35.324+0100] [INFO ] xrdp_wm_log_msg: Connecting to session
[2025-07-04T22:13:35.332+0100] [INFO ] loaded module 'libxup.so' ok, interface size 10440, version 4
[2025-07-04T22:13:35.339+0100] [INFO ] lib_mod_connect: connecting via UNIX socket
[2025-07-04T22:13:35.346+0100] [INFO ] lib_mod_log_peer: xrdp_pid=49238 connected to Xorg_pid=49246 Xorg_uid=1000 Xorg_gid=1000 client=[::ffff:192.168.99.60]:56960
[2025-07-04T22:13:35.352+0100] [INFO ] xrdp_wm_log_msg: Connecting to chansrv
[2025-07-04T22:13:35.359+0100] [INFO ] Received memory_allocation_complete command. width: 656, height: 480
[2025-07-04T22:13:35.372+0100] [INFO ] TConfig: Loading GFX config file /etc/xrdp/gfx.toml
[2025-07-04T22:13:35.388+0100] [INFO ] xrdp_encoder_x264_encode: x264_encoder_open rv 0x7f7bd00011f0 for width 644 height 480
[2025-07-04T22:13:35.503+0100] [ERROR] Xorg server closed connection
[2025-07-04T22:17:09.442+0100] [INFO ] Received termination signal, stopping the server accept new connections thread
[2025-07-04T22:17:09.491+0100] [INFO ] address [0.0.0.0] port [3389] mode 1
[2025-07-04T22:17:09.499+0100] [INFO ] listening to port 3389 on 0.0.0.0
[2025-07-04T22:17:09.506+0100] [INFO ] xrdp_listen_pp done
[2025-07-04T22:17:09.512+0100] [CORE ] You are running xrdp as root. This is not safe.
[2025-07-04T22:17:09.519+0100] [INFO ] starting xrdp with pid 49316
[2025-07-04T22:17:13.572+0100] [INFO ] Socket 14: connection accepted from [::ffff:192.168.99.60]:34040
[2025-07-04T22:17:13.581+0100] [INFO ] Using default X.509 certificate: /etc/xrdp/cert.pem
[2025-07-04T22:17:13.588+0100] [INFO ] Using default X.509 key file: /etc/xrdp/key.pem
[2025-07-04T22:17:13.596+0100] [INFO ] Client requested security types (RDP assumed) : SSL|HYBRID
[2025-07-04T22:17:13.603+0100] [INFO ] Selected TLS security
[2025-07-04T22:17:17.409+0100] [INFO ] Connected client computer name: arch-laptop
[2025-07-04T22:17:17.417+0100] [INFO ] xrdp_load_keyboard_layout: Keyboard information sent by the RDP client, keyboard_type:[0x04], keyboard_subtype:[0x00], keylayout:[0x00000409]
[2025-07-04T22:17:17.425+0100] [INFO ] xrdp_load_keyboard_layout: model [] variant [] layout [us] options []
[2025-07-04T22:17:17.432+0100] [INFO ] client supports gfx protocol
[2025-07-04T22:17:17.439+0100] [WARN ] Received [MS-RDPBCGR] TS_UD_HEADER type 0xc006 is unknown (ignored)
[2025-07-04T22:17:17.446+0100] [WARN ] Received [MS-RDPBCGR] TS_UD_HEADER type 0xc00a is unknown (ignored)
[2025-07-04T22:17:17.469+0100] [INFO ] TLS connection established from [::ffff:192.168.99.60]:34040 TLSv1.3 with cipher TLS_AES_256_GCM_SHA384
[2025-07-04T22:17:17.484+0100] [INFO ] Client supports single-screen resizes by xrdp
[2025-07-04T22:17:17.491+0100] [INFO ] xrdp_caps_process_pointer: client supports new(color) cursor
[2025-07-04T22:17:17.499+0100] [INFO ] xrdp_process_offscreen_bmpcache: support level 1 cache size 7864320 bytes cache entries 2000
[2025-07-04T22:17:17.505+0100] [INFO ] xrdp_caps_process_codecs: RemoteFX(76772F12-BD72-4463-AFB3-B73C9C6F7886), codec id [3], properties len [49]
[2025-07-04T22:17:17.512+0100] [WARN ] Client Capability: not enough orders supported by client, client wants off screen bitmap but offscreen bitmaps disabled
[2025-07-04T22:17:17.520+0100] [INFO ] Client Capability: LARGE_POINTER_FLAG_96x96 supported
[2025-07-04T22:17:17.529+0100] [INFO ] Loading keymap file /etc/xrdp/km-00000409.ini
[2025-07-04T22:17:17.536+0100] [WARN ] local keymap file for 0x00000409 found and doesn't match built in keymap, using local keymap file
[2025-07-04T22:17:17.543+0100] [INFO ] TConfig: Loading GFX config file /etc/xrdp/gfx.toml
[2025-07-04T22:17:17.551+0100] [WARN ] Ignoring unlikely physical session size 1000 for height of 480 pixels
[2025-07-04T22:17:17.558+0100] [WARN ] No DPI value is available to find login font
[2025-07-04T22:17:17.565+0100] [WARN ] Using the default_dpi of 96
[2025-07-04T22:17:17.576+0100] [INFO ] xrdp_egfx_create: error 0 channel_id 1
[2025-07-04T22:17:17.628+0100] [INFO ] xrdp_mm_egfx_caps_advertise:
[2025-07-04T22:17:17.634+0100] [INFO ]   version 0x00080004 flags 0x00000002 (index: 0)
[2025-07-04T22:17:17.641+0100] [INFO ]   version 0x00080105 flags 0x00000012 (index: 1)
[2025-07-04T22:17:17.647+0100] [INFO ]   version 0x000a0002 flags 0x00000002 (index: 2)
[2025-07-04T22:17:17.654+0100] [INFO ]   version 0x000a0200 flags 0x00000002 (index: 3)
[2025-07-04T22:17:17.660+0100] [INFO ]   version 0x000a0301 flags 0x00000000 (index: 4)
[2025-07-04T22:17:17.666+0100] [INFO ]   version 0x000a0400 flags 0x00000002 (index: 5)
[2025-07-04T22:17:17.673+0100] [INFO ]   version 0x000a0502 flags 0x00000002 (index: 6)
[2025-07-04T22:17:17.680+0100] [INFO ]   version 0x000a0600 flags 0x00000002 (index: 7)
[2025-07-04T22:17:17.686+0100] [INFO ]   version 0x000a0601 flags 0x00000002 (index: 8)
[2025-07-04T22:17:17.692+0100] [INFO ] unknown version 0x000a0601
[2025-07-04T22:17:17.698+0100] [INFO ]   version 0x000a0701 flags 0x00000002 (index: 9)
[2025-07-04T22:17:17.705+0100] [INFO ] Codec search order is H264, RFX
[2025-07-04T22:17:17.711+0100] [INFO ] Matched H264 mode
[2025-07-04T22:17:17.718+0100] [INFO ]   replying version 0x000a0701 flags 0x00000002
[2025-07-04T22:17:17.724+0100] [INFO ] xrdp_mm_egfx_caps_advertise: xrdp_egfx_send_capsconfirm error 0 best_index 9
[2025-07-04T22:17:17.731+0100] [INFO ] xrdp_egfx_reset_graphics:
[2025-07-04T22:17:17.737+0100] [INFO ] xrdp_egfx_reset_graphics: width 644 height 480 monitorcount 1
[2025-07-04T22:17:17.743+0100] [INFO ] xrdp_mm_egfx_caps_advertise: xrdp_egfx_send_reset_graphics error 0 monitorCount 0
[2025-07-04T22:17:17.750+0100] [INFO ] xrdp_mm_egfx_create_surfaces: map surface_id 0 left 0 top 0 width 644 height 480
[2025-07-04T22:17:17.757+0100] [INFO ] xrdp_encoder_create: starting h264 codec session gfx
[2025-07-04T22:17:17.763+0100] [INFO ] xrdp_encoder_create: using x264 for software encoder
[2025-07-04T22:17:17.769+0100] [INFO ] xrdp_mm_egfx_invalidate_wm_screen:
[2025-07-04T22:17:17.776+0100] [INFO ] xrdp_mm_egfx_caps_advertise: egfx created.
[2025-07-04T22:17:34.349+0100] [WARN ] Ignoring obsolete SCP port value '3350'
[2025-07-04T22:17:34.357+0100] [INFO ] xrdp_wm_log_msg: sesman connect ok
[2025-07-04T22:17:34.364+0100] [INFO ] xrdp_wm_log_msg: Performing login request for bastion-admin
[2025-07-04T22:17:34.447+0100] [INFO ] xrdp_wm_log_msg: login was successful - creating session
[2025-07-04T22:17:35.518+0100] [INFO ] xrdp_wm_log_msg: session is available on display 10 for user bastion-admin
[2025-07-04T22:17:35.524+0100] [INFO ] xrdp_wm_log_msg: Connecting to session
[2025-07-04T22:17:35.531+0100] [INFO ] loaded module 'libxup.so' ok, interface size 10440, version 4
[2025-07-04T22:17:35.538+0100] [INFO ] lib_mod_connect: connecting via UNIX socket
[2025-07-04T22:17:35.546+0100] [INFO ] lib_mod_log_peer: xrdp_pid=49317 connected to Xorg_pid=49323 Xorg_uid=1000 Xorg_gid=1000 client=[::ffff:192.168.99.60]:34040
[2025-07-04T22:17:35.552+0100] [INFO ] xrdp_wm_log_msg: Connecting to chansrv
[2025-07-04T22:17:35.560+0100] [INFO ] Received memory_allocation_complete command. width: 656, height: 480
[2025-07-04T22:17:35.573+0100] [INFO ] TConfig: Loading GFX config file /etc/xrdp/gfx.toml
[2025-07-04T22:17:35.591+0100] [INFO ] xrdp_encoder_x264_encode: x264_encoder_open rv 0x7f61840011f0 for width 644 height 480
[2025-07-04T22:17:35.712+0100] [ERROR] Xorg server closed connection
[2025-07-04T22:22:49.991+0100] [INFO ] Socket 14: connection accepted from [::ffff:192.168.99.60]:45384
[2025-07-04T22:22:49.107+0100] [INFO ] Using default X.509 certificate: /etc/xrdp/cert.pem
[2025-07-04T22:22:49.114+0100] [INFO ] Using default X.509 key file: /etc/xrdp/key.pem
[2025-07-04T22:22:49.121+0100] [INFO ] Client requested security types (RDP assumed) : SSL|HYBRID
[2025-07-04T22:22:49.128+0100] [INFO ] Selected TLS security
[2025-07-04T22:23:14.913+0100] [INFO ] Connected client computer name: arch-laptop
[2025-07-04T22:23:14.920+0100] [INFO ] xrdp_load_keyboard_layout: Keyboard information sent by the RDP client, keyboard_type:[0x04], keyboard_subtype:[0x00], keylayout:[0x00000409]
[2025-07-04T22:23:14.928+0100] [INFO ] xrdp_load_keyboard_layout: model [] variant [] layout [us] options []
[2025-07-04T22:23:14.935+0100] [INFO ] client supports gfx protocol
[2025-07-04T22:23:14.942+0100] [WARN ] Received [MS-RDPBCGR] TS_UD_HEADER type 0xc006 is unknown (ignored)
[2025-07-04T22:23:14.949+0100] [WARN ] Received [MS-RDPBCGR] TS_UD_HEADER type 0xc00a is unknown (ignored)
[2025-07-04T22:23:14.993+0100] [INFO ] TLS connection established from [::ffff:192.168.99.60]:45384 TLSv1.3 with cipher TLS_AES_256_GCM_SHA384
[2025-07-04T22:23:15.333+0100] [INFO ] Client supports single-screen resizes by xrdp
[2025-07-04T22:23:15.400+0100] [INFO ] xrdp_caps_process_pointer: client supports new(color) cursor
[2025-07-04T22:23:15.464+0100] [INFO ] xrdp_process_offscreen_bmpcache: support level 1 cache size 7864320 bytes cache entries 2000
[2025-07-04T22:23:15.538+0100] [INFO ] xrdp_caps_process_codecs: RemoteFX(76772F12-BD72-4463-AFB3-B73C9C6F7886), codec id [3], properties len [49]
[2025-07-04T22:23:15.606+0100] [WARN ] Client Capability: not enough orders supported by client, client wants off screen bitmap but offscreen bitmaps disabled
[2025-07-04T22:23:15.673+0100] [INFO ] Client Capability: LARGE_POINTER_FLAG_96x96 supported
[2025-07-04T22:23:15.762+0100] [INFO ] Loading keymap file /etc/xrdp/km-00000409.ini
[2025-07-04T22:23:15.841+0100] [WARN ] local keymap file for 0x00000409 found and doesn't match built in keymap, using local keymap file
[2025-07-04T22:23:15.913+0100] [INFO ] TConfig: Loading GFX config file /etc/xrdp/gfx.toml
[2025-07-04T22:23:15.978+0100] [WARN ] Ignoring unlikely physical session size 1000 for height of 480 pixels
[2025-07-04T22:23:15.104+0100] [WARN ] No DPI value is available to find login font
[2025-07-04T22:23:15.111+0100] [WARN ] Using the default_dpi of 96
[2025-07-04T22:23:15.120+0100] [INFO ] xrdp_egfx_create: error 0 channel_id 1
[2025-07-04T22:23:15.153+0100] [INFO ] xrdp_mm_egfx_caps_advertise:
[2025-07-04T22:23:15.159+0100] [INFO ]   version 0x00080004 flags 0x00000002 (index: 0)
[2025-07-04T22:23:15.166+0100] [INFO ]   version 0x00080105 flags 0x00000012 (index: 1)
[2025-07-04T22:23:15.173+0100] [INFO ]   version 0x000a0002 flags 0x00000002 (index: 2)
[2025-07-04T22:23:15.179+0100] [INFO ]   version 0x000a0200 flags 0x00000002 (index: 3)
[2025-07-04T22:23:15.186+0100] [INFO ]   version 0x000a0301 flags 0x00000000 (index: 4)
[2025-07-04T22:23:15.193+0100] [INFO ]   version 0x000a0400 flags 0x00000002 (index: 5)
[2025-07-04T22:23:15.199+0100] [INFO ]   version 0x000a0502 flags 0x00000002 (index: 6)
[2025-07-04T22:23:15.206+0100] [INFO ]   version 0x000a0600 flags 0x00000002 (index: 7)
[2025-07-04T22:23:15.212+0100] [INFO ]   version 0x000a0601 flags 0x00000002 (index: 8)
[2025-07-04T22:23:15.219+0100] [INFO ] unknown version 0x000a0601
[2025-07-04T22:23:15.226+0100] [INFO ]   version 0x000a0701 flags 0x00000002 (index: 9)
[2025-07-04T22:23:15.232+0100] [INFO ] Codec search order is H264, RFX
[2025-07-04T22:23:15.238+0100] [INFO ] Matched H264 mode
[2025-07-04T22:23:15.246+0100] [INFO ]   replying version 0x000a0701 flags 0x00000002
[2025-07-04T22:23:15.252+0100] [INFO ] xrdp_mm_egfx_caps_advertise: xrdp_egfx_send_capsconfirm error 0 best_index 9
[2025-07-04T22:23:15.258+0100] [INFO ] xrdp_egfx_reset_graphics:
[2025-07-04T22:23:15.265+0100] [INFO ] xrdp_egfx_reset_graphics: width 644 height 480 monitorcount 1
[2025-07-04T22:23:15.272+0100] [INFO ] xrdp_mm_egfx_caps_advertise: xrdp_egfx_send_reset_graphics error 0 monitorCount 0
[2025-07-04T22:23:15.278+0100] [INFO ] xrdp_mm_egfx_create_surfaces: map surface_id 0 left 0 top 0 width 644 height 480
[2025-07-04T22:23:15.284+0100] [INFO ] xrdp_encoder_create: starting h264 codec session gfx
[2025-07-04T22:23:15.291+0100] [INFO ] xrdp_encoder_create: using x264 for software encoder
[2025-07-04T22:23:15.297+0100] [INFO ] xrdp_mm_egfx_invalidate_wm_screen:
[2025-07-04T22:23:15.304+0100] [INFO ] xrdp_mm_egfx_caps_advertise: egfx created.
[2025-07-04T22:23:15.310+0100] [WARN ] Ignoring obsolete SCP port value '3350'
[2025-07-04T22:23:15.316+0100] [INFO ] xrdp_wm_log_msg: sesman connect ok
[2025-07-04T22:23:15.323+0100] [INFO ] xrdp_wm_log_msg: Performing login request for bastion-admin
[2025-07-04T22:23:15.403+0100] [INFO ] xrdp_wm_log_msg: login was successful - creating session
[2025-07-04T22:23:16.475+0100] [INFO ] xrdp_wm_log_msg: session is available on display 10 for user bastion-admin
[2025-07-04T22:23:16.482+0100] [INFO ] xrdp_wm_log_msg: Connecting to session
[2025-07-04T22:23:16.489+0100] [INFO ] loaded module 'libxup.so' ok, interface size 10440, version 4
[2025-07-04T22:23:16.496+0100] [INFO ] lib_mod_connect: connecting via UNIX socket
[2025-07-04T22:23:16.503+0100] [INFO ] lib_mod_log_peer: xrdp_pid=49384 connected to Xorg_pid=49390 Xorg_uid=1000 Xorg_gid=1000 client=[::ffff:192.168.99.60]:45384
[2025-07-04T22:23:16.509+0100] [INFO ] xrdp_wm_log_msg: Connecting to chansrv
[2025-07-04T22:23:16.517+0100] [INFO ] Received memory_allocation_complete command. width: 656, height: 480
[2025-07-04T22:23:16.530+0100] [INFO ] TConfig: Loading GFX config file /etc/xrdp/gfx.toml
[2025-07-04T22:23:16.545+0100] [INFO ] xrdp_encoder_x264_encode: x264_encoder_open rv 0x7f61840011f0 for width 644 height 480
[2025-07-04T22:23:16.693+0100] [ERROR] Xorg server closed connection
[2025-07-04T22:32:01.320+0100] [INFO ] Received termination signal, stopping the server accept new connections thread
[2025-07-04T22:32:01.366+0100] [INFO ] address [0.0.0.0] port [3389] mode 1
[2025-07-04T22:32:01.375+0100] [INFO ] listening to port 3389 on 0.0.0.0
[2025-07-04T22:32:01.382+0100] [INFO ] xrdp_listen_pp done
[2025-07-04T22:32:01.389+0100] [CORE ] You are running xrdp as root. This is not safe.
[2025-07-04T22:32:01.395+0100] [INFO ] starting xrdp with pid 49511
[2025-07-04T22:32:05.444+0100] [INFO ] Socket 14: connection accepted from [::ffff:192.168.99.60]:52618
[2025-07-04T22:32:05.452+0100] [INFO ] Using default X.509 certificate: /etc/xrdp/cert.pem
[2025-07-04T22:32:05.459+0100] [INFO ] Using default X.509 key file: /etc/xrdp/key.pem
[2025-07-04T22:32:05.467+0100] [INFO ] Client requested security types (RDP assumed) : SSL|HYBRID
[2025-07-04T22:32:05.474+0100] [INFO ] Selected TLS security
[2025-07-04T22:32:11.998+0100] [INFO ] Connected client computer name: arch-laptop
[2025-07-04T22:32:12.104+0100] [INFO ] xrdp_load_keyboard_layout: Keyboard information sent by the RDP client, keyboard_type:[0x04], keyboard_subtype:[0x00], keylayout:[0x00000409]
[2025-07-04T22:32:12.178+0100] [INFO ] xrdp_load_keyboard_layout: model [] variant [] layout [us] options []
[2025-07-04T22:32:12.250+0100] [INFO ] client supports gfx protocol
[2025-07-04T22:32:12.324+0100] [WARN ] Received [MS-RDPBCGR] TS_UD_HEADER type 0xc006 is unknown (ignored)
[2025-07-04T22:32:12.402+0100] [WARN ] Received [MS-RDPBCGR] TS_UD_HEADER type 0xc00a is unknown (ignored)
[2025-07-04T22:32:12.558+0100] [INFO ] TLS connection established from [::ffff:192.168.99.60]:52618 TLSv1.3 with cipher TLS_AES_256_GCM_SHA384
[2025-07-04T22:32:12.667+0100] [INFO ] Client supports single-screen resizes by xrdp
[2025-07-04T22:32:12.736+0100] [INFO ] xrdp_caps_process_pointer: client supports new(color) cursor
[2025-07-04T22:32:12.808+0100] [INFO ] xrdp_process_offscreen_bmpcache: support level 1 cache size 7864320 bytes cache entries 2000
[2025-07-04T22:32:12.876+0100] [INFO ] xrdp_caps_process_codecs: RemoteFX(76772F12-BD72-4463-AFB3-B73C9C6F7886), codec id [3], properties len [49]
[2025-07-04T22:32:12.943+0100] [WARN ] Client Capability: not enough orders supported by client, client wants off screen bitmap but offscreen bitmaps disabled
[2025-07-04T22:32:12.100+0100] [INFO ] Client Capability: LARGE_POINTER_FLAG_96x96 supported
[2025-07-04T22:32:12.109+0100] [INFO ] Loading keymap file /etc/xrdp/km-00000409.ini
[2025-07-04T22:32:12.115+0100] [WARN ] local keymap file for 0x00000409 found and doesn't match built in keymap, using local keymap file
[2025-07-04T22:32:12.122+0100] [INFO ] TConfig: Loading GFX config file /etc/xrdp/gfx.toml
[2025-07-04T22:32:12.128+0100] [WARN ] Ignoring unlikely physical session size 1000 for height of 480 pixels
[2025-07-04T22:32:12.135+0100] [WARN ] No DPI value is available to find login font
[2025-07-04T22:32:12.142+0100] [WARN ] Using the default_dpi of 96
[2025-07-04T22:32:12.150+0100] [INFO ] xrdp_egfx_create: error 0 channel_id 1
[2025-07-04T22:32:12.178+0100] [INFO ] xrdp_mm_egfx_caps_advertise:
[2025-07-04T22:32:12.185+0100] [INFO ]   version 0x00080004 flags 0x00000002 (index: 0)
[2025-07-04T22:32:12.192+0100] [INFO ]   version 0x00080105 flags 0x00000012 (index: 1)
[2025-07-04T22:32:12.198+0100] [INFO ]   version 0x000a0002 flags 0x00000002 (index: 2)
[2025-07-04T22:32:12.205+0100] [INFO ]   version 0x000a0200 flags 0x00000002 (index: 3)
[2025-07-04T22:32:12.213+0100] [INFO ]   version 0x000a0301 flags 0x00000000 (index: 4)
[2025-07-04T22:32:12.219+0100] [INFO ]   version 0x000a0400 flags 0x00000002 (index: 5)
[2025-07-04T22:32:12.226+0100] [INFO ]   version 0x000a0502 flags 0x00000002 (index: 6)
[2025-07-04T22:32:12.232+0100] [INFO ]   version 0x000a0600 flags 0x00000002 (index: 7)
[2025-07-04T22:32:12.240+0100] [INFO ]   version 0x000a0601 flags 0x00000002 (index: 8)
[2025-07-04T22:32:12.247+0100] [INFO ] unknown version 0x000a0601
[2025-07-04T22:32:12.253+0100] [INFO ]   version 0x000a0701 flags 0x00000002 (index: 9)
[2025-07-04T22:32:12.260+0100] [INFO ] Codec search order is H264, RFX
[2025-07-04T22:32:12.267+0100] [INFO ] Matched H264 mode
[2025-07-04T22:32:12.274+0100] [INFO ]   replying version 0x000a0701 flags 0x00000002
[2025-07-04T22:32:12.281+0100] [INFO ] xrdp_mm_egfx_caps_advertise: xrdp_egfx_send_capsconfirm error 0 best_index 9
[2025-07-04T22:32:12.287+0100] [INFO ] xrdp_egfx_reset_graphics:
[2025-07-04T22:32:12.294+0100] [INFO ] xrdp_egfx_reset_graphics: width 644 height 480 monitorcount 1
[2025-07-04T22:32:12.301+0100] [INFO ] xrdp_mm_egfx_caps_advertise: xrdp_egfx_send_reset_graphics error 0 monitorCount 0
[2025-07-04T22:32:12.307+0100] [INFO ] xrdp_mm_egfx_create_surfaces: map surface_id 0 left 0 top 0 width 644 height 480
[2025-07-04T22:32:12.315+0100] [INFO ] xrdp_encoder_create: starting h264 codec session gfx
[2025-07-04T22:32:12.322+0100] [INFO ] xrdp_encoder_create: using x264 for software encoder
[2025-07-04T22:32:12.329+0100] [INFO ] xrdp_mm_egfx_invalidate_wm_screen:
[2025-07-04T22:32:12.335+0100] [INFO ] xrdp_mm_egfx_caps_advertise: egfx created.
[2025-07-04T22:32:12.341+0100] [WARN ] Ignoring obsolete SCP port value '3350'
[2025-07-04T22:32:12.348+0100] [INFO ] xrdp_wm_log_msg: sesman connect ok
[2025-07-04T22:32:12.354+0100] [INFO ] xrdp_wm_log_msg: Performing login request for bastion-admin
[2025-07-04T22:32:12.433+0100] [INFO ] xrdp_wm_log_msg: login was successful - creating session
[2025-07-04T22:32:13.504+0100] [INFO ] xrdp_wm_log_msg: session is available on display 10 for user bastion-admin
[2025-07-04T22:32:13.510+0100] [INFO ] xrdp_wm_log_msg: Connecting to session
[2025-07-04T22:32:13.518+0100] [INFO ] loaded module 'libxup.so' ok, interface size 10440, version 4
[2025-07-04T22:32:13.524+0100] [INFO ] lib_mod_connect: connecting via UNIX socket
[2025-07-04T22:32:13.530+0100] [INFO ] lib_mod_log_peer: xrdp_pid=49512 connected to Xorg_pid=49518 Xorg_uid=1000 Xorg_gid=1000 client=[::ffff:192.168.99.60]:52618
[2025-07-04T22:32:13.537+0100] [INFO ] xrdp_wm_log_msg: Connecting to chansrv
[2025-07-04T22:32:13.545+0100] [INFO ] Received memory_allocation_complete command. width: 656, height: 480
[2025-07-04T22:32:13.557+0100] [INFO ] TConfig: Loading GFX config file /etc/xrdp/gfx.toml
[2025-07-04T22:32:13.574+0100] [INFO ] xrdp_encoder_x264_encode: x264_encoder_open rv 0x7f6da40011f0 for width 644 height 480
[2025-07-04T22:32:13.694+0100] [ERROR] Xorg server closed connection
[2025-07-04T22:40:49.735+0100] [INFO ] Received termination signal, stopping the server accept new connections thread
[2025-07-04T22:40:49.778+0100] [INFO ] address [0.0.0.0] port [3389] mode 1
[2025-07-04T22:40:49.784+0100] [INFO ] listening to port 3389 on 0.0.0.0
[2025-07-04T22:40:49.797+0100] [INFO ] xrdp_listen_pp done
[2025-07-04T22:40:49.804+0100] [CORE ] You are running xrdp as root. This is not safe.
[2025-07-04T22:40:49.810+0100] [INFO ] starting xrdp with pid 49638
[2025-07-04T22:40:52.854+0100] [INFO ] Socket 14: connection accepted from [::ffff:192.168.99.60]:45676
[2025-07-04T22:40:52.862+0100] [INFO ] Using default X.509 certificate: /etc/xrdp/cert.pem
[2025-07-04T22:40:52.869+0100] [INFO ] Using default X.509 key file: /etc/xrdp/key.pem
[2025-07-04T22:40:52.876+0100] [INFO ] Client requested security types (RDP assumed) : SSL|HYBRID
[2025-07-04T22:40:52.883+0100] [INFO ] Selected TLS security
[2025-07-04T22:41:01.746+0100] [INFO ] Connected client computer name: arch-laptop
[2025-07-04T22:41:01.822+0100] [INFO ] xrdp_load_keyboard_layout: Keyboard information sent by the RDP client, keyboard_type:[0x04], keyboard_subtype:[0x00], keylayout:[0x00000409]
[2025-07-04T22:41:01.902+0100] [INFO ] xrdp_load_keyboard_layout: model [] variant [] layout [us] options []
[2025-07-04T22:41:01.979+0100] [INFO ] client supports gfx protocol
[2025-07-04T22:41:01.104+0100] [WARN ] Received [MS-RDPBCGR] TS_UD_HEADER type 0xc006 is unknown (ignored)
[2025-07-04T22:41:01.111+0100] [WARN ] Received [MS-RDPBCGR] TS_UD_HEADER type 0xc00a is unknown (ignored)
[2025-07-04T22:41:01.130+0100] [INFO ] TLS connection established from [::ffff:192.168.99.60]:45676 TLSv1.3 with cipher TLS_AES_256_GCM_SHA384
[2025-07-04T22:41:01.150+0100] [INFO ] Client supports single-screen resizes by xrdp
[2025-07-04T22:41:01.156+0100] [INFO ] xrdp_caps_process_pointer: client supports new(color) cursor
[2025-07-04T22:41:01.163+0100] [INFO ] xrdp_process_offscreen_bmpcache: support level 1 cache size 7864320 bytes cache entries 2000
[2025-07-04T22:41:01.170+0100] [INFO ] xrdp_caps_process_codecs: RemoteFX(76772F12-BD72-4463-AFB3-B73C9C6F7886), codec id [3], properties len [49]
[2025-07-04T22:41:01.178+0100] [WARN ] Client Capability: not enough orders supported by client, client wants off screen bitmap but offscreen bitmaps disabled
[2025-07-04T22:41:01.184+0100] [INFO ] Client Capability: LARGE_POINTER_FLAG_96x96 supported
[2025-07-04T22:41:01.192+0100] [INFO ] Loading keymap file /etc/xrdp/km-00000409.ini
[2025-07-04T22:41:01.199+0100] [WARN ] local keymap file for 0x00000409 found and doesn't match built in keymap, using local keymap file
[2025-07-04T22:41:01.206+0100] [INFO ] TConfig: Loading GFX config file /etc/xrdp/gfx.toml
[2025-07-04T22:41:01.212+0100] [WARN ] Ignoring unlikely physical session size 1000 for height of 480 pixels
[2025-07-04T22:41:01.219+0100] [WARN ] No DPI value is available to find login font
[2025-07-04T22:41:01.225+0100] [WARN ] Using the default_dpi of 96
[2025-07-04T22:41:01.234+0100] [INFO ] xrdp_egfx_create: error 0 channel_id 1
[2025-07-04T22:41:01.260+0100] [INFO ] xrdp_mm_egfx_caps_advertise:
[2025-07-04T22:41:01.266+0100] [INFO ]   version 0x00080004 flags 0x00000002 (index: 0)
[2025-07-04T22:41:01.272+0100] [INFO ]   version 0x00080105 flags 0x00000012 (index: 1)
[2025-07-04T22:41:01.279+0100] [INFO ]   version 0x000a0002 flags 0x00000002 (index: 2)
[2025-07-04T22:41:01.285+0100] [INFO ]   version 0x000a0200 flags 0x00000002 (index: 3)
[2025-07-04T22:41:01.292+0100] [INFO ]   version 0x000a0301 flags 0x00000000 (index: 4)
[2025-07-04T22:41:01.298+0100] [INFO ]   version 0x000a0400 flags 0x00000002 (index: 5)
[2025-07-04T22:41:01.305+0100] [INFO ]   version 0x000a0502 flags 0x00000002 (index: 6)
[2025-07-04T22:41:01.311+0100] [INFO ]   version 0x000a0600 flags 0x00000002 (index: 7)
[2025-07-04T22:41:01.317+0100] [INFO ]   version 0x000a0601 flags 0x00000002 (index: 8)
[2025-07-04T22:41:01.323+0100] [INFO ] unknown version 0x000a0601
[2025-07-04T22:41:01.331+0100] [INFO ]   version 0x000a0701 flags 0x00000002 (index: 9)
[2025-07-04T22:41:01.337+0100] [INFO ] Codec search order is H264, RFX
[2025-07-04T22:41:01.343+0100] [INFO ] Matched H264 mode
[2025-07-04T22:41:01.350+0100] [INFO ]   replying version 0x000a0701 flags 0x00000002
[2025-07-04T22:41:01.357+0100] [INFO ] xrdp_mm_egfx_caps_advertise: xrdp_egfx_send_capsconfirm error 0 best_index 9
[2025-07-04T22:41:01.364+0100] [INFO ] xrdp_egfx_reset_graphics:
[2025-07-04T22:41:01.370+0100] [INFO ] xrdp_egfx_reset_graphics: width 644 height 480 monitorcount 1
[2025-07-04T22:41:01.376+0100] [INFO ] xrdp_mm_egfx_caps_advertise: xrdp_egfx_send_reset_graphics error 0 monitorCount 0
[2025-07-04T22:41:01.383+0100] [INFO ] xrdp_mm_egfx_create_surfaces: map surface_id 0 left 0 top 0 width 644 height 480
[2025-07-04T22:41:01.390+0100] [INFO ] xrdp_encoder_create: starting h264 codec session gfx
[2025-07-04T22:41:01.396+0100] [INFO ] xrdp_encoder_create: using x264 for software encoder
[2025-07-04T22:41:01.402+0100] [INFO ] xrdp_mm_egfx_invalidate_wm_screen:
[2025-07-04T22:41:01.408+0100] [INFO ] xrdp_mm_egfx_caps_advertise: egfx created.
[2025-07-04T22:41:01.415+0100] [WARN ] Ignoring obsolete SCP port value '3350'
[2025-07-04T22:41:01.421+0100] [INFO ] xrdp_wm_log_msg: sesman connect ok
[2025-07-04T22:41:01.427+0100] [INFO ] xrdp_wm_log_msg: Performing login request for bastion-admin
[2025-07-04T22:41:01.507+0100] [INFO ] xrdp_wm_log_msg: login was successful - creating session
[2025-07-04T22:41:02.577+0100] [INFO ] xrdp_wm_log_msg: session is available on display 10 for user bastion-admin
[2025-07-04T22:41:02.584+0100] [INFO ] xrdp_wm_log_msg: Connecting to session
[2025-07-04T22:41:02.591+0100] [INFO ] loaded module 'libxup.so' ok, interface size 10440, version 4
[2025-07-04T22:41:02.597+0100] [INFO ] lib_mod_connect: connecting via UNIX socket
[2025-07-04T22:41:02.604+0100] [INFO ] lib_mod_log_peer: xrdp_pid=49639 connected to Xorg_pid=49645 Xorg_uid=1000 Xorg_gid=1000 client=[::ffff:192.168.99.60]:45676
[2025-07-04T22:41:02.611+0100] [INFO ] xrdp_wm_log_msg: Connecting to chansrv
[2025-07-04T22:41:02.619+0100] [INFO ] Received memory_allocation_complete command. width: 656, height: 480
[2025-07-04T22:41:02.631+0100] [INFO ] TConfig: Loading GFX config file /etc/xrdp/gfx.toml
[2025-07-04T22:41:02.648+0100] [INFO ] xrdp_encoder_x264_encode: x264_encoder_open rv 0x7fc1dc000c20 for width 644 height 480
[2025-07-04T22:41:02.765+0100] [ERROR] Xorg server closed connection
[2025-07-04T22:41:34.900+0100] [INFO ] Socket 14: connection accepted from [::ffff:192.168.99.60]:52338
[2025-07-04T22:41:34.909+0100] [INFO ] Using default X.509 certificate: /etc/xrdp/cert.pem
[2025-07-04T22:41:34.916+0100] [INFO ] Using default X.509 key file: /etc/xrdp/key.pem
[2025-07-04T22:41:34.924+0100] [INFO ] Client requested security types (RDP assumed) : SSL|HYBRID
[2025-07-04T22:41:34.931+0100] [INFO ] Selected TLS security
[2025-07-04T22:41:41.744+0100] [INFO ] Connected client computer name: arch-laptop
[2025-07-04T22:41:41.752+0100] [INFO ] xrdp_load_keyboard_layout: Keyboard information sent by the RDP client, keyboard_type:[0x04], keyboard_subtype:[0x00], keylayout:[0x00000409]
[2025-07-04T22:41:41.759+0100] [INFO ] xrdp_load_keyboard_layout: model [] variant [] layout [us] options []
[2025-07-04T22:41:41.767+0100] [INFO ] client supports gfx protocol
[2025-07-04T22:41:41.774+0100] [WARN ] Received [MS-RDPBCGR] TS_UD_HEADER type 0xc006 is unknown (ignored)
[2025-07-04T22:41:41.781+0100] [WARN ] Received [MS-RDPBCGR] TS_UD_HEADER type 0xc00a is unknown (ignored)
[2025-07-04T22:41:41.793+0100] [INFO ] TLS connection established from [::ffff:192.168.99.60]:52338 TLSv1.3 with cipher TLS_AES_256_GCM_SHA384
[2025-07-04T22:41:41.812+0100] [INFO ] Client supports single-screen resizes by xrdp
[2025-07-04T22:41:41.818+0100] [INFO ] xrdp_caps_process_pointer: client supports new(color) cursor
[2025-07-04T22:41:41.826+0100] [INFO ] xrdp_process_offscreen_bmpcache: support level 1 cache size 7864320 bytes cache entries 2000
[2025-07-04T22:41:41.832+0100] [INFO ] xrdp_caps_process_codecs: RemoteFX(76772F12-BD72-4463-AFB3-B73C9C6F7886), codec id [3], properties len [49]
[2025-07-04T22:41:41.839+0100] [WARN ] Client Capability: not enough orders supported by client, client wants off screen bitmap but offscreen bitmaps disabled
[2025-07-04T22:41:41.846+0100] [INFO ] Client Capability: LARGE_POINTER_FLAG_96x96 supported
[2025-07-04T22:41:41.854+0100] [INFO ] Loading keymap file /etc/xrdp/km-00000409.ini
[2025-07-04T22:41:41.861+0100] [WARN ] local keymap file for 0x00000409 found and doesn't match built in keymap, using local keymap file
[2025-07-04T22:41:41.868+0100] [INFO ] TConfig: Loading GFX config file /etc/xrdp/gfx.toml
[2025-07-04T22:41:41.875+0100] [WARN ] Ignoring unlikely physical session size 1000 for height of 480 pixels
[2025-07-04T22:41:41.882+0100] [WARN ] No DPI value is available to find login font
[2025-07-04T22:41:41.888+0100] [WARN ] Using the default_dpi of 96
[2025-07-04T22:41:41.899+0100] [INFO ] xrdp_egfx_create: error 0 channel_id 1
[2025-07-04T22:41:41.922+0100] [INFO ] xrdp_mm_egfx_caps_advertise:
[2025-07-04T22:41:41.929+0100] [INFO ]   version 0x00080004 flags 0x00000002 (index: 0)
[2025-07-04T22:41:41.935+0100] [INFO ]   version 0x00080105 flags 0x00000012 (index: 1)
[2025-07-04T22:41:41.942+0100] [INFO ]   version 0x000a0002 flags 0x00000002 (index: 2)
[2025-07-04T22:41:41.948+0100] [INFO ]   version 0x000a0200 flags 0x00000002 (index: 3)
[2025-07-04T22:41:41.955+0100] [INFO ]   version 0x000a0301 flags 0x00000000 (index: 4)
[2025-07-04T22:41:41.961+0100] [INFO ]   version 0x000a0400 flags 0x00000002 (index: 5)
[2025-07-04T22:41:41.968+0100] [INFO ]   version 0x000a0502 flags 0x00000002 (index: 6)
[2025-07-04T22:41:41.974+0100] [INFO ]   version 0x000a0600 flags 0x00000002 (index: 7)
[2025-07-04T22:41:41.981+0100] [INFO ]   version 0x000a0601 flags 0x00000002 (index: 8)
[2025-07-04T22:41:41.987+0100] [INFO ] unknown version 0x000a0601
[2025-07-04T22:41:41.994+0100] [INFO ]   version 0x000a0701 flags 0x00000002 (index: 9)
[2025-07-04T22:41:42.107+0100] [INFO ] Codec search order is H264, RFX
[2025-07-04T22:41:42.820+0100] [INFO ] Matched H264 mode
[2025-07-04T22:41:42.145+0100] [INFO ]   replying version 0x000a0701 flags 0x00000002
[2025-07-04T22:41:42.212+0100] [INFO ] xrdp_mm_egfx_caps_advertise: xrdp_egfx_send_capsconfirm error 0 best_index 9
[2025-07-04T22:41:42.284+0100] [INFO ] xrdp_egfx_reset_graphics:
[2025-07-04T22:41:42.354+0100] [INFO ] xrdp_egfx_reset_graphics: width 644 height 480 monitorcount 1
[2025-07-04T22:41:42.415+0100] [INFO ] xrdp_mm_egfx_caps_advertise: xrdp_egfx_send_reset_graphics error 0 monitorCount 0
[2025-07-04T22:41:42.477+0100] [INFO ] xrdp_mm_egfx_create_surfaces: map surface_id 0 left 0 top 0 width 644 height 480
[2025-07-04T22:41:42.541+0100] [INFO ] xrdp_encoder_create: starting h264 codec session gfx
[2025-07-04T22:41:42.610+0100] [INFO ] xrdp_encoder_create: using x264 for software encoder
[2025-07-04T22:41:42.671+0100] [INFO ] xrdp_mm_egfx_invalidate_wm_screen:
[2025-07-04T22:41:42.733+0100] [INFO ] xrdp_mm_egfx_caps_advertise: egfx created.
[2025-07-04T22:41:53.519+0100] [WARN ] Ignoring obsolete SCP port value '3350'
[2025-07-04T22:41:53.527+0100] [INFO ] xrdp_wm_log_msg: sesman connect ok
[2025-07-04T22:41:53.535+0100] [INFO ] xrdp_wm_log_msg: Performing login request for bastion-admin
[2025-07-04T22:41:53.620+0100] [INFO ] xrdp_wm_log_msg: login was successful - creating session
[2025-07-04T22:41:54.692+0100] [INFO ] xrdp_wm_log_msg: session is available on display 10 for user bastion-admin
[2025-07-04T22:41:54.698+0100] [INFO ] xrdp_wm_log_msg: Connecting to session
[2025-07-04T22:41:54.705+0100] [INFO ] loaded module 'libxup.so' ok, interface size 10440, version 4
[2025-07-04T22:41:54.711+0100] [INFO ] lib_mod_connect: connecting via UNIX socket
[2025-07-04T22:41:54.719+0100] [INFO ] lib_mod_log_peer: xrdp_pid=49697 connected to Xorg_pid=49704 Xorg_uid=1000 Xorg_gid=1000 client=[::ffff:192.168.99.60]:52338
[2025-07-04T22:41:54.725+0100] [INFO ] xrdp_wm_log_msg: Connecting to chansrv
[2025-07-04T22:41:54.733+0100] [INFO ] Received memory_allocation_complete command. width: 656, height: 480
[2025-07-04T22:41:54.746+0100] [INFO ] TConfig: Loading GFX config file /etc/xrdp/gfx.toml
[2025-07-04T22:41:54.761+0100] [INFO ] xrdp_encoder_x264_encode: x264_encoder_open rv 0x7fc1dc0011f0 for width 644 height 480
[2025-07-04T22:41:54.877+0100] [ERROR] Xorg server closed connection
